# JRE version: Java(TM) SE Runtime Environment (17.0.9+11) (build 17.0.9+11-LTS-201)
# Java VM: Java HotSpot(TM) 64-Bit Server VM (17.0.9+11-LTS-201, mixed mode, sharing, tiered, compressed oops, compressed class ptrs, g1 gc, windows-amd64)
GC Precious Log:
 CPUs: 8 total, 8 available
 Memory: 8014M
 Large Page Support: Disabled
 NUMA Support: Disabled
 Compressed Oops: Enabled (32-bit)
 Heap Region Size: 1M
 Heap Min Capacity: 8M
 Heap Initial Capacity: 126M
 Heap Max Capacity: 2004M
 Pre-touch: Disabled
 Parallel Workers: 8
 Concurrent Workers: 2
 Concurrent Refinement Workers: 8
 Periodic GC: Disabled
Heap:
 garbage-first heap   total 93184K, used 54507K [0x0000000082c00000, 0x0000000100000000)
  region size 1024K, 2 young (2048K), 2 survivors (2048K)
 Metaspace       used 29908K, committed 30208K, reserved 1114112K
  class space    used 3358K, committed 3520K, reserved 1048576K
GC Heap History (20 events):
Event: 1.778 GC heap after
{Heap after GC invocations=1 (full 0):
 garbage-first heap   total 129024K, used 4224K [0x0000000082c00000, 0x0000000100000000)
  region size 1024K, 3 young (3072K), 3 survivors (3072K)
 Metaspace       used 7311K, committed 7488K, reserved 1114112K
  class space    used 836K, committed 960K, reserved 1048576K
}
Event: 2.333 GC heap before
{Heap before GC invocations=1 (full 0):
 garbage-first heap   total 129024K, used 33920K [0x0000000082c00000, 0x0000000100000000)
  region size 1024K, 32 young (32768K), 3 survivors (3072K)
 Metaspace       used 11245K, committed 11392K, reserved 1114112K
  class space    used 1322K, committed 1408K, reserved 1048576K
}
Event: 2.338 GC heap after
{Heap after GC invocations=2 (full 0):
 garbage-first heap   total 129024K, used 5815K [0x0000000082c00000, 0x0000000100000000)
  region size 1024K, 2 young (2048K), 2 survivors (2048K)
 Metaspace       used 11245K, committed 11392K, reserved 1114112K
  class space    used 1322K, committed 1408K, reserved 1048576K
}
Event: 4.461 GC heap before
{Heap before GC invocations=2 (full 0):
 garbage-first heap   total 129024K, used 80567K [0x0000000082c00000, 0x0000000100000000)
  region size 1024K, 75 young (76800K), 2 survivors (2048K)
 Metaspace       used 17212K, committed 17408K, reserved 1114112K
  class space    used 2011K, committed 2112K, reserved 1048576K
}
Event: 4.476 GC heap after
{Heap after GC invocations=3 (full 0):
 garbage-first heap   total 129024K, used 12742K [0x0000000082c00000, 0x0000000100000000)
  region size 1024K, 9 young (9216K), 9 survivors (9216K)
 Metaspace       used 17212K, committed 17408K, reserved 1114112K
  class space    used 2011K, committed 2112K, reserved 1048576K
}
Event: 6.498 GC heap before
{Heap before GC invocations=3 (full 0):
 garbage-first heap   total 129024K, used 80326K [0x0000000082c00000, 0x0000000100000000)
  region size 1024K, 75 young (76800K), 9 survivors (9216K)
 Metaspace       used 17920K, committed 18176K, reserved 1114112K
  class space    used 2030K, committed 2112K, reserved 1048576K
}
Event: 6.523 GC heap after
{Heap after GC invocations=4 (full 0):
 garbage-first heap   total 129024K, used 17780K [0x0000000082c00000, 0x0000000100000000)
  region size 1024K, 6 young (6144K), 6 survivors (6144K)
 Metaspace       used 17920K, committed 18176K, reserved 1114112K
  class space    used 2030K, committed 2112K, reserved 1048576K
}
Event: 7.663 GC heap before
{Heap before GC invocations=4 (full 0):
 garbage-first heap   total 129024K, used 96628K [0x0000000082c00000, 0x0000000100000000)
  region size 1024K, 52 young (53248K), 6 survivors (6144K)
 Metaspace       used 21170K, committed 21504K, reserved 1114112K
  class space    used 2377K, committed 2560K, reserved 1048576K
}
Event: 7.673 GC heap after
{Heap after GC invocations=5 (full 0):
 garbage-first heap   total 129024K, used 21291K [0x0000000082c00000, 0x0000000100000000)
  region size 1024K, 3 young (3072K), 3 survivors (3072K)
 Metaspace       used 21170K, committed 21504K, reserved 1114112K
  class space    used 2377K, committed 2560K, reserved 1048576K
}
Event: 8.719 GC heap before
{Heap before GC invocations=6 (full 0):
 garbage-first heap   total 75776K, used 64299K [0x0000000082c00000, 0x0000000100000000)
  region size 1024K, 44 young (45056K), 3 survivors (3072K)
 Metaspace       used 27057K, committed 27328K, reserved 1114112K
  class space    used 3061K, committed 3200K, reserved 1048576K
}
Event: 8.750 GC heap after
{Heap after GC invocations=7 (full 0):
 garbage-first heap   total 86016K, used 40747K [0x0000000082c00000, 0x0000000100000000)
  region size 1024K, 6 young (6144K), 6 survivors (6144K)
 Metaspace       used 27057K, committed 27328K, reserved 1114112K
  class space    used 3061K, committed 3200K, reserved 1048576K
}
Event: 8.763 GC heap before
{Heap before GC invocations=7 (full 0):
 garbage-first heap   total 86016K, used 41771K [0x0000000082c00000, 0x0000000100000000)
  region size 1024K, 7 young (7168K), 6 survivors (6144K)
 Metaspace       used 27058K, committed 27328K, reserved 1114112K
  class space    used 3061K, committed 3200K, reserved 1048576K
}
Event: 8.773 GC heap after
{Heap after GC invocations=8 (full 0):
 garbage-first heap   total 86016K, used 41384K [0x0000000082c00000, 0x0000000100000000)
  region size 1024K, 1 young (1024K), 1 survivors (1024K)
 Metaspace       used 27058K, committed 27328K, reserved 1114112K
  class space    used 3061K, committed 3200K, reserved 1048576K
}
Event: 9.077 GC heap before
{Heap before GC invocations=8 (full 0):
 garbage-first heap   total 86016K, used 61864K [0x0000000082c00000, 0x0000000100000000)
  region size 1024K, 22 young (22528K), 1 survivors (1024K)
 Metaspace       used 27510K, committed 27840K, reserved 1114112K
  class space    used 3119K, committed 3264K, reserved 1048576K
}
Event: 9.088 GC heap after
{Heap after GC invocations=9 (full 0):
 garbage-first heap   total 86016K, used 47616K [0x0000000082c00000, 0x0000000100000000)
  region size 1024K, 3 young (3072K), 3 survivors (3072K)
 Metaspace       used 27510K, committed 27840K, reserved 1114112K
  class space    used 3119K, committed 3264K, reserved 1048576K
}
Event: 9.328 GC heap before
{Heap before GC invocations=10 (full 0):
 garbage-first heap   total 89088K, used 60928K [0x0000000082c00000, 0x0000000100000000)
  region size 1024K, 17 young (17408K), 3 survivors (3072K)
 Metaspace       used 27833K, committed 28224K, reserved 1114112K
  class space    used 3134K, committed 3328K, reserved 1048576K
}
Event: 9.339 GC heap after
{Heap after GC invocations=11 (full 0):
 garbage-first heap   total 89088K, used 50578K [0x0000000082c00000, 0x0000000100000000)
  region size 1024K, 3 young (3072K), 3 survivors (3072K)
 Metaspace       used 27833K, committed 28224K, reserved 1114112K
  class space    used 3134K, committed 3328K, reserved 1048576K
}
Event: 10.276 GC heap before
{Heap before GC invocations=12 (full 0):
 garbage-first heap   total 91136K, used 69010K [0x0000000082c00000, 0x0000000100000000)
  region size 1024K, 20 young (20480K), 3 survivors (3072K)
 Metaspace       used 29857K, committed 30144K, reserved 1114112K
  class space    used 3358K, committed 3520K, reserved 1048576K
}
Event: 10.291 GC heap after
{Heap after GC invocations=13 (full 0):
 garbage-first heap   total 91136K, used 53026K [0x0000000082c00000, 0x0000000100000000)
  region size 1024K, 3 young (3072K), 3 survivors (3072K)
 Metaspace       used 29857K, committed 30144K, reserved 1114112K
  class space    used 3358K, committed 3520K, reserved 1048576K
}
Event: 10.620 GC heap before
{Heap before GC invocations=13 (full 0):
 garbage-first heap   total 91136K, used 60194K [0x0000000082c00000, 0x0000000100000000)
  region size 1024K, 11 young (11264K), 3 survivors (3072K)
 Metaspace       used 29908K, committed 30208K, reserved 1114112K
  class space    used 3358K, committed 3520K, reserved 1048576K
}

